<?xml version="1.0" encoding="UTF-8"?>
<!-- Generated by org.testng.reporters.JUnitXMLReporter -->
<testsuite hostname="DESKTOP-2AKUF86" ignored="0" name="Test" tests="5" failures="0" timestamp="16 May 2020 16:28:45 GMT" time="28.081" errors="0">
  <testcase name="methodOneA" time="9.588" classname="APack.ClassOne"/>
  <testcase name="methodTwoA" time="4.933" classname="APack.ClassTwo"/>
  <testcase name="methodTwoB" time="0.002" classname="APack.ClassTwo"/>
  <testcase name="methodThreeA" time="8.566" classname="APack.ClassThree"/>
  <testcase name="methodFourA" time="4.946" classname="APack.ClassFour"/>
</testsuite> <!-- Test -->
